2018-08-27 20:42:57,661 0      [      Worker-11] WARN  re.templates.TemplateProcessor  - May have failed to replace token 		//window.ide 'dummy'. Replaced/injected later by STS browser integration.
2018-08-27 20:42:57,719 58     [      Worker-11] WARN  re.templates.TemplateProcessor  - May have failed to replace token 		//The dummy helps preview/test the page in an external browser.
2019-01-11 09:30:51,076 1      [       Worker-9] WARN  re.templates.TemplateProcessor  - May have failed to replace token 		//window.ide 'dummy'. Replaced/injected later by STS browser integration.
2019-01-11 09:30:51,136 61     [       Worker-9] WARN  re.templates.TemplateProcessor  - May have failed to replace token 		//The dummy helps preview/test the page in an external browser.
2019-01-13 21:07:43,423 166917 [       Worker-7] WARN  nternal.embedder.EclipseLogger  - The POM for org.apache.maven.plugins:maven-resources-plugin:jar:2.6 is missing, no dependency information available
2019-01-13 21:07:43,540 167034 [       Worker-7] WARN  nternal.embedder.EclipseLogger  - The POM for org.apache.maven.plugins:maven-jar-plugin:jar:2.6 is missing, no dependency information available
2019-01-13 22:15:39,727 4243221 [      Worker-69] WARN  nternal.embedder.EclipseLogger  - The POM for org.springframework.boot:spring-boot-starter-web:jar:1.5.3.RELEASE is missing, no dependency information available
2019-01-17 22:03:58,808 1416161 [      Worker-22] ERROR dt.internal.DownloadSourcesJob  - Could not download sources for antlr:antlr:2.7.7
org.eclipse.core.runtime.CoreException: Could not resolve artifact antlr:antlr:jar:sources:2.7.7
	at org.eclipse.m2e.core.internal.embedder.MavenImpl$5.call(MavenImpl.java:776)
	at org.eclipse.m2e.core.internal.embedder.MavenImpl$5.call(MavenImpl.java:1)
	at org.eclipse.m2e.core.internal.embedder.MavenExecutionContext.executeBare(MavenExecutionContext.java:177)
	at org.eclipse.m2e.core.internal.embedder.MavenExecutionContext.execute(MavenExecutionContext.java:112)
	at org.eclipse.m2e.core.internal.embedder.MavenExecutionContext.execute(MavenExecutionContext.java:99)
	at org.eclipse.m2e.core.internal.embedder.MavenImpl.resolve(MavenImpl.java:743)
	at org.eclipse.m2e.core.internal.embedder.MavenImpl.resolve(MavenImpl.java:720)
	at org.eclipse.m2e.jdt.internal.DownloadSourcesJob.download(DownloadSourcesJob.java:264)
	at org.eclipse.m2e.jdt.internal.DownloadSourcesJob.downloadAttachments(DownloadSourcesJob.java:243)
	at org.eclipse.m2e.jdt.internal.DownloadSourcesJob.downloadMaven(DownloadSourcesJob.java:217)
	at org.eclipse.m2e.jdt.internal.DownloadSourcesJob.run(DownloadSourcesJob.java:161)
	at org.eclipse.m2e.jdt.internal.DownloadSourcesJob$1.call(DownloadSourcesJob.java:137)
	at org.eclipse.m2e.jdt.internal.DownloadSourcesJob$1.call(DownloadSourcesJob.java:1)
	at org.eclipse.m2e.core.internal.embedder.MavenExecutionContext.executeBare(MavenExecutionContext.java:177)
	at org.eclipse.m2e.core.internal.embedder.MavenExecutionContext.execute(MavenExecutionContext.java:151)
	at org.eclipse.m2e.core.internal.embedder.MavenExecutionContext.execute(MavenExecutionContext.java:99)
	at org.eclipse.m2e.core.internal.embedder.MavenImpl.execute(MavenImpl.java:1355)
	at org.eclipse.m2e.jdt.internal.DownloadSourcesJob.run(DownloadSourcesJob.java:135)
	at org.eclipse.core.internal.jobs.Worker.run(Worker.java:55)
Contains: Missing antlr:antlr:jar:sources:2.7.7
2019-01-17 22:04:03,810 1421163 [      Worker-22] ERROR dt.internal.DownloadSourcesJob  - Could not download sources for com.oracle:ojdbc6:11.2.0.3
org.eclipse.core.runtime.CoreException: Could not resolve artifact com.oracle:ojdbc6:jar:sources:11.2.0.3
	at org.eclipse.m2e.core.internal.embedder.MavenImpl$5.call(MavenImpl.java:776)
	at org.eclipse.m2e.core.internal.embedder.MavenImpl$5.call(MavenImpl.java:1)
	at org.eclipse.m2e.core.internal.embedder.MavenExecutionContext.executeBare(MavenExecutionContext.java:177)
	at org.eclipse.m2e.core.internal.embedder.MavenExecutionContext.execute(MavenExecutionContext.java:112)
	at org.eclipse.m2e.core.internal.embedder.MavenExecutionContext.execute(MavenExecutionContext.java:99)
	at org.eclipse.m2e.core.internal.embedder.MavenImpl.resolve(MavenImpl.java:743)
	at org.eclipse.m2e.core.internal.embedder.MavenImpl.resolve(MavenImpl.java:720)
	at org.eclipse.m2e.jdt.internal.DownloadSourcesJob.download(DownloadSourcesJob.java:264)
	at org.eclipse.m2e.jdt.internal.DownloadSourcesJob.downloadAttachments(DownloadSourcesJob.java:243)
	at org.eclipse.m2e.jdt.internal.DownloadSourcesJob.downloadMaven(DownloadSourcesJob.java:217)
	at org.eclipse.m2e.jdt.internal.DownloadSourcesJob.run(DownloadSourcesJob.java:161)
	at org.eclipse.m2e.jdt.internal.DownloadSourcesJob$1.call(DownloadSourcesJob.java:137)
	at org.eclipse.m2e.jdt.internal.DownloadSourcesJob$1.call(DownloadSourcesJob.java:1)
	at org.eclipse.m2e.core.internal.embedder.MavenExecutionContext.executeBare(MavenExecutionContext.java:177)
	at org.eclipse.m2e.core.internal.embedder.MavenExecutionContext.execute(MavenExecutionContext.java:151)
	at org.eclipse.m2e.core.internal.embedder.MavenExecutionContext.execute(MavenExecutionContext.java:99)
	at org.eclipse.m2e.core.internal.embedder.MavenImpl.execute(MavenImpl.java:1355)
	at org.eclipse.m2e.jdt.internal.DownloadSourcesJob.run(DownloadSourcesJob.java:135)
	at org.eclipse.core.internal.jobs.Worker.run(Worker.java:55)
Contains: Missing com.oracle:ojdbc6:jar:sources:11.2.0.3
