
Sep 15, 2018 19:27:35.99 NEW SESSION
Sep 15, 2018 19:27:35.99 [11076:10052:0915/192735.971:ERROR:in_progress_cache_impl.cc(192)] Cache is not initialized, cannot RetrieveEntry.
Sep 15, 2018 19:27:36.06 [11076:10052:0915/192735.971:ERROR:in_progress_cache_impl.cc(192)] Cache is not initialized, cannot RetrieveEntry.
Sep 15, 2018 19:27:36.25 [11076:10052:0915/192735.971:ERROR:in_progress_cache_impl.cc(192)] Cache is not initialized, cannot RetrieveEntry.
Sep 15, 2018 19:27:36.36 [11076:10052:0915/192735.971:ERROR:in_progress_cache_impl.cc(192)] Cache is not initialized, cannot RetrieveEntry.
Sep 15, 2018 19:27:36.43 [11076:10052:0915/192735.972:ERROR:in_progress_cache_impl.cc(192)] Cache is not initialized, cannot RetrieveEntry.
Sep 15, 2018 19:27:36.45 [11076:10052:0915/192735.972:ERROR:in_progress_cache_impl.cc(192)] Cache is not initialized, cannot RetrieveEntry.
Sep 15, 2018 19:27:36.54 [11076:10052:0915/192735.972:ERROR:in_progress_cache_impl.cc(192)] Cache is not initialized, cannot RetrieveEntry.
Sep 15, 2018 19:27:36.58 [11076:10052:0915/192735.972:ERROR:in_progress_cache_impl.cc(192)] Cache is not initialized, cannot RetrieveEntry.
Sep 15, 2018 19:27:36.64 [11076:10052:0915/192735.972:ERROR:in_progress_cache_impl.cc(192)] Cache is not initialized, cannot RetrieveEntry.
Sep 15, 2018 19:27:36.67 [11076:10052:0915/192735.972:ERROR:in_progress_cache_impl.cc(192)] Cache is not initialized, cannot RetrieveEntry.
Sep 15, 2018 19:27:36.69 [11076:10052:0915/192735.972:ERROR:in_progress_cache_impl.cc(192)] Cache is not initialized, cannot RetrieveEntry.
Sep 15, 2018 19:27:36.71 [11076:10052:0915/192735.972:ERROR:in_progress_cache_impl.cc(192)] Cache is not initialized, cannot RetrieveEntry.

Sep 17, 2018 20:22:49.24 NEW SESSION
Sep 17, 2018 20:22:49.24 [5076:1448:0917/202249.232:ERROR:in_progress_cache_impl.cc(192)] Cache is not initialized, cannot RetrieveEntry.
Sep 17, 2018 20:22:49.40 [5076:1448:0917/202249.232:ERROR:in_progress_cache_impl.cc(192)] Cache is not initialized, cannot RetrieveEntry.
Sep 17, 2018 20:22:49.46 [5076:1448:0917/202249.232:ERROR:in_progress_cache_impl.cc(192)] Cache is not initialized, cannot RetrieveEntry.
Sep 17, 2018 20:22:49.57 [5076:1448:0917/202249.232:ERROR:in_progress_cache_impl.cc(192)] Cache is not initialized, cannot RetrieveEntry.
Sep 17, 2018 20:22:49.64 [5076:1448:0917/202249.232:ERROR:in_progress_cache_impl.cc(192)] Cache is not initialized, cannot RetrieveEntry.
Sep 17, 2018 20:22:49.80 [5076:1448:0917/202249.232:ERROR:in_progress_cache_impl.cc(192)] Cache is not initialized, cannot RetrieveEntry.
Sep 17, 2018 20:22:49.86 [5076:1448:0917/202249.232:ERROR:in_progress_cache_impl.cc(192)] Cache is not initialized, cannot RetrieveEntry.
Sep 17, 2018 20:22:49.90 [5076:1448:0917/202249.232:ERROR:in_progress_cache_impl.cc(192)] Cache is not initialized, cannot RetrieveEntry.
Sep 17, 2018 20:22:49.92 [5076:1448:0917/202249.232:ERROR:in_progress_cache_impl.cc(192)] Cache is not initialized, cannot RetrieveEntry.
Sep 17, 2018 20:22:49.96 [5076:1448:0917/202249.232:ERROR:in_progress_cache_impl.cc(192)] Cache is not initialized, cannot RetrieveEntry.
Sep 17, 2018 20:22:50.00 [5076:1448:0917/202249.232:ERROR:in_progress_cache_impl.cc(192)] Cache is not initialized, cannot RetrieveEntry.
Sep 17, 2018 20:22:50.01 [5076:1448:0917/202249.232:ERROR:in_progress_cache_impl.cc(192)] Cache is not initialized, cannot RetrieveEntry.
Sep 17, 2018 20:22:50.04 [5076:1448:0917/202249.232:ERROR:in_progress_cache_impl.cc(192)] Cache is not initialized, cannot RetrieveEntry.
Sep 17, 2018 20:22:50.05 [5076:1448:0917/202249.232:ERROR:in_progress_cache_impl.cc(192)] Cache is not initialized, cannot RetrieveEntry.
Sep 17, 2018 20:22:50.08 [5076:1448:0917/202249.232:ERROR:in_progress_cache_impl.cc(192)] Cache is not initialized, cannot RetrieveEntry.
Sep 17, 2018 21:29:03.65 [5076:3152:0917/212903.650:ERROR:ssl_client_socket_impl.cc(1050)] handshake failed; returned -1, SSL error code 1, net_error -100
Sep 17, 2018 21:29:03.65 [5076:3152:0917/212903.651:ERROR:ssl_client_socket_impl.cc(1050)] handshake failed; returned -1, SSL error code 1, net_error -100
Sep 17, 2018 21:29:03.66 [5076:3152:0917/212903.652:ERROR:ssl_client_socket_impl.cc(1050)] handshake failed; returned -1, SSL error code 1, net_error -100
Sep 17, 2018 21:29:03.78 [5076:3152:0917/212903.781:ERROR:ssl_client_socket_impl.cc(1050)] handshake failed; returned -1, SSL error code 1, net_error -101
Sep 17, 2018 21:29:03.79 [5076:3152:0917/212903.794:ERROR:ssl_client_socket_impl.cc(1050)] handshake failed; returned -1, SSL error code 1, net_error -100
Sep 17, 2018 21:29:03.80 [5076:3152:0917/212903.795:ERROR:ssl_client_socket_impl.cc(1050)] handshake failed; returned -1, SSL error code 1, net_error -100
Sep 17, 2018 21:29:04.00 [5076:3152:0917/212904.003:ERROR:ssl_client_socket_impl.cc(1050)] handshake failed; returned -1, SSL error code 1, net_error -100
Sep 17, 2018 21:29:04.01 [5076:3152:0917/212904.009:ERROR:ssl_client_socket_impl.cc(1050)] handshake failed; returned -1, SSL error code 1, net_error -100
Sep 17, 2018 21:29:04.14 [5076:3152:0917/212904.139:ERROR:ssl_client_socket_impl.cc(1050)] handshake failed; returned -1, SSL error code 1, net_error -100
Sep 17, 2018 21:29:04.15 [5076:3152:0917/212904.145:ERROR:ssl_client_socket_impl.cc(1050)] handshake failed; returned -1, SSL error code 1, net_error -100
Sep 17, 2018 21:29:27.10 [5076:3152:0917/212927.103:ERROR:ssl_client_socket_impl.cc(1050)] handshake failed; returned -1, SSL error code 1, net_error -100
Sep 17, 2018 21:29:27.34 [5076:3152:0917/212927.340:ERROR:ssl_client_socket_impl.cc(1050)] handshake failed; returned -1, SSL error code 1, net_error -100
Sep 17, 2018 21:29:27.34 [5076:3152:0917/212927.347:ERROR:ssl_client_socket_impl.cc(1050)] handshake failed; returned -1, SSL error code 1, net_error -100
Sep 17, 2018 21:29:27.35 [5076:3152:0917/212927.351:ERROR:ssl_client_socket_impl.cc(1050)] handshake failed; returned -1, SSL error code 1, net_error -100
Sep 17, 2018 21:29:27.48 [5076:3152:0917/212927.479:ERROR:ssl_client_socket_impl.cc(1050)] handshake failed; returned -1, SSL error code 1, net_error -101
Sep 17, 2018 21:29:27.49 [5076:3152:0917/212927.485:ERROR:ssl_client_socket_impl.cc(1050)] handshake failed; returned -1, SSL error code 1, net_error -100
Sep 17, 2018 21:29:27.50 [5076:3152:0917/212927.489:ERROR:ssl_client_socket_impl.cc(1050)] handshake failed; returned -1, SSL error code 1, net_error -100
Sep 17, 2018 21:29:27.63 [5076:3152:0917/212927.630:ERROR:ssl_client_socket_impl.cc(1050)] handshake failed; returned -1, SSL error code 1, net_error -100
Sep 17, 2018 21:29:27.63 [5076:3152:0917/212927.632:ERROR:ssl_client_socket_impl.cc(1050)] handshake failed; returned -1, SSL error code 1, net_error -101
Sep 17, 2018 21:29:27.76 [5076:3152:0917/212927.767:ERROR:ssl_client_socket_impl.cc(1050)] handshake failed; returned -1, SSL error code 1, net_error -101
Sep 17, 2018 21:29:27.78 [5076:3152:0917/212927.768:ERROR:ssl_client_socket_impl.cc(1050)] handshake failed; returned -1, SSL error code 1, net_error -101
Sep 17, 2018 21:29:35.49 [5076:3152:0917/212935.496:ERROR:ssl_client_socket_impl.cc(1050)] handshake failed; returned -1, SSL error code 1, net_error -100
Sep 17, 2018 21:29:35.51 [5076:3152:0917/212935.497:ERROR:ssl_client_socket_impl.cc(1050)] handshake failed; returned -1, SSL error code 1, net_error -100
Sep 17, 2018 21:29:35.51 [5076:3152:0917/212935.498:ERROR:ssl_client_socket_impl.cc(1050)] handshake failed; returned -1, SSL error code 1, net_error -100
Sep 17, 2018 21:29:35.63 [5076:3152:0917/212935.633:ERROR:ssl_client_socket_impl.cc(1050)] handshake failed; returned -1, SSL error code 1, net_error -100
Sep 17, 2018 21:29:35.64 [5076:3152:0917/212935.636:ERROR:ssl_client_socket_impl.cc(1050)] handshake failed; returned -1, SSL error code 1, net_error -100
Sep 17, 2018 21:29:35.65 [5076:3152:0917/212935.640:ERROR:ssl_client_socket_impl.cc(1050)] handshake failed; returned -1, SSL error code 1, net_error -100
Sep 17, 2018 21:29:35.78 [5076:3152:0917/212935.785:ERROR:ssl_client_socket_impl.cc(1050)] handshake failed; returned -1, SSL error code 1, net_error -100
Sep 17, 2018 21:29:35.79 [5076:3152:0917/212935.786:ERROR:ssl_client_socket_impl.cc(1050)] handshake failed; returned -1, SSL error code 1, net_error -100
Sep 17, 2018 21:29:35.92 [5076:3152:0917/212935.923:ERROR:ssl_client_socket_impl.cc(1050)] handshake failed; returned -1, SSL error code 1, net_error -100
Sep 17, 2018 21:29:35.93 [5076:3152:0917/212935.925:ERROR:ssl_client_socket_impl.cc(1050)] handshake failed; returned -1, SSL error code 1, net_error -101
Sep 17, 2018 21:32:13.24 [5076:3152:0917/213213.242:ERROR:ssl_client_socket_impl.cc(1050)] handshake failed; returned -1, SSL error code 1, net_error -100
Sep 17, 2018 21:32:13.25 [5076:3152:0917/213213.245:ERROR:ssl_client_socket_impl.cc(1050)] handshake failed; returned -1, SSL error code 1, net_error -100
Sep 17, 2018 21:32:13.26 [5076:3152:0917/213213.247:ERROR:ssl_client_socket_impl.cc(1050)] handshake failed; returned -1, SSL error code 1, net_error -100
Sep 17, 2018 21:32:13.38 [5076:3152:0917/213213.384:ERROR:ssl_client_socket_impl.cc(1050)] handshake failed; returned -1, SSL error code 1, net_error -100
Sep 17, 2018 21:32:13.39 [5076:3152:0917/213213.386:ERROR:ssl_client_socket_impl.cc(1050)] handshake failed; returned -1, SSL error code 1, net_error -101
Sep 17, 2018 21:32:13.40 [5076:3152:0917/213213.388:ERROR:ssl_client_socket_impl.cc(1050)] handshake failed; returned -1, SSL error code 1, net_error -101
Sep 17, 2018 21:32:13.53 [5076:3152:0917/213213.534:ERROR:ssl_client_socket_impl.cc(1050)] handshake failed; returned -1, SSL error code 1, net_error -100
Sep 17, 2018 21:32:13.54 [5076:3152:0917/213213.540:ERROR:ssl_client_socket_impl.cc(1050)] handshake failed; returned -1, SSL error code 1, net_error -101
Sep 17, 2018 21:32:13.67 [5076:3152:0917/213213.677:ERROR:ssl_client_socket_impl.cc(1050)] handshake failed; returned -1, SSL error code 1, net_error -101
Sep 17, 2018 21:32:13.69 [5076:3152:0917/213213.679:ERROR:ssl_client_socket_impl.cc(1050)] handshake failed; returned -1, SSL error code 1, net_error -101
Sep 17, 2018 21:32:31.44 [5076:3152:0917/213231.439:ERROR:ssl_client_socket_impl.cc(1050)] handshake failed; returned -1, SSL error code 1, net_error -100
Sep 17, 2018 21:32:31.45 [5076:3152:0917/213231.443:ERROR:ssl_client_socket_impl.cc(1050)] handshake failed; returned -1, SSL error code 1, net_error -100
Sep 17, 2018 21:32:31.45 [5076:3152:0917/213231.445:ERROR:ssl_client_socket_impl.cc(1050)] handshake failed; returned -1, SSL error code 1, net_error -100
Sep 17, 2018 21:32:31.57 [5076:3152:0917/213231.578:ERROR:ssl_client_socket_impl.cc(1050)] handshake failed; returned -1, SSL error code 1, net_error -100
Sep 17, 2018 21:32:31.58 [5076:3152:0917/213231.584:ERROR:ssl_client_socket_impl.cc(1050)] handshake failed; returned -1, SSL error code 1, net_error -100
Sep 17, 2018 21:32:31.59 [5076:3152:0917/213231.585:ERROR:ssl_client_socket_impl.cc(1050)] handshake failed; returned -1, SSL error code 1, net_error -100
Sep 17, 2018 21:32:31.72 [5076:3152:0917/213231.725:ERROR:ssl_client_socket_impl.cc(1050)] handshake failed; returned -1, SSL error code 1, net_error -100
Sep 17, 2018 21:32:31.73 [5076:3152:0917/213231.728:ERROR:ssl_client_socket_impl.cc(1050)] handshake failed; returned -1, SSL error code 1, net_error -100
Sep 17, 2018 21:32:31.86 [5076:3152:0917/213231.862:ERROR:ssl_client_socket_impl.cc(1050)] handshake failed; returned -1, SSL error code 1, net_error -100
Sep 17, 2018 21:32:31.88 [5076:3152:0917/213231.868:ERROR:ssl_client_socket_impl.cc(1050)] handshake failed; returned -1, SSL error code 1, net_error -100
Sep 17, 2018 21:37:38.89 [5076:5940:0917/213738.898:ERROR:block_files.cc(111)] Failing CreateMapBlock
Sep 17, 2018 21:37:38.91 [5076:5940:0917/213738.909:ERROR:entry_impl.cc(985)] Failed to save user data
Sep 17, 2018 21:37:47.06 [5076:3152:0917/213747.061:ERROR:ssl_client_socket_impl.cc(1050)] handshake failed; returned -1, SSL error code 1, net_error -100
Sep 17, 2018 21:37:47.07 [5076:3152:0917/213747.064:ERROR:ssl_client_socket_impl.cc(1050)] handshake failed; returned -1, SSL error code 1, net_error -100
Sep 17, 2018 21:37:47.08 [5076:3152:0917/213747.066:ERROR:ssl_client_socket_impl.cc(1050)] handshake failed; returned -1, SSL error code 1, net_error -100
Sep 17, 2018 21:37:47.20 [5076:3152:0917/213747.199:ERROR:ssl_client_socket_impl.cc(1050)] handshake failed; returned -1, SSL error code 1, net_error -101
Sep 17, 2018 21:37:47.23 [5076:3152:0917/213747.203:ERROR:ssl_client_socket_impl.cc(1050)] handshake failed; returned -1, SSL error code 1, net_error -100
Sep 17, 2018 21:37:47.28 [5076:3152:0917/213747.204:ERROR:ssl_client_socket_impl.cc(1050)] handshake failed; returned -1, SSL error code 1, net_error -100
Sep 17, 2018 21:37:47.35 [5076:3152:0917/213747.352:ERROR:ssl_client_socket_impl.cc(1050)] handshake failed; returned -1, SSL error code 1, net_error -100
Sep 17, 2018 21:37:47.36 [5076:3152:0917/213747.353:ERROR:ssl_client_socket_impl.cc(1050)] handshake failed; returned -1, SSL error code 1, net_error -100
Sep 17, 2018 21:37:47.49 [5076:3152:0917/213747.492:ERROR:ssl_client_socket_impl.cc(1050)] handshake failed; returned -1, SSL error code 1, net_error -101
Sep 17, 2018 21:37:47.52 [5076:3152:0917/213747.494:ERROR:ssl_client_socket_impl.cc(1050)] handshake failed; returned -1, SSL error code 1, net_error -101
Sep 17, 2018 21:37:59.20 [5076:3152:0917/213759.205:ERROR:ssl_client_socket_impl.cc(1050)] handshake failed; returned -1, SSL error code 1, net_error -100
Sep 17, 2018 21:37:59.46 [5076:3152:0917/213759.463:ERROR:ssl_client_socket_impl.cc(1050)] handshake failed; returned -1, SSL error code 1, net_error -101
Sep 17, 2018 21:37:59.48 [5076:3152:0917/213759.463:ERROR:ssl_client_socket_impl.cc(1050)] handshake failed; returned -1, SSL error code 1, net_error -100
Sep 17, 2018 21:37:59.50 [5076:3152:0917/213759.464:ERROR:ssl_client_socket_impl.cc(1050)] handshake failed; returned -1, SSL error code 1, net_error -100
Sep 17, 2018 21:37:59.62 [5076:3152:0917/213759.626:ERROR:ssl_client_socket_impl.cc(1050)] handshake failed; returned -1, SSL error code 1, net_error -100
Sep 17, 2018 21:37:59.67 [5076:3152:0917/213759.626:ERROR:ssl_client_socket_impl.cc(1050)] handshake failed; returned -1, SSL error code 1, net_error -100
Sep 17, 2018 21:37:59.69 [5076:3152:0917/213759.627:ERROR:ssl_client_socket_impl.cc(1050)] handshake failed; returned -1, SSL error code 1, net_error -100
Sep 17, 2018 21:37:59.77 [5076:3152:0917/213759.774:ERROR:ssl_client_socket_impl.cc(1050)] handshake failed; returned -1, SSL error code 1, net_error -100
Sep 17, 2018 21:37:59.78 [5076:3152:0917/213759.782:ERROR:ssl_client_socket_impl.cc(1050)] handshake failed; returned -1, SSL error code 1, net_error -100
Sep 17, 2018 21:37:59.92 [5076:3152:0917/213759.921:ERROR:ssl_client_socket_impl.cc(1050)] handshake failed; returned -1, SSL error code 1, net_error -100
Sep 17, 2018 21:37:59.94 [5076:3152:0917/213759.921:ERROR:ssl_client_socket_impl.cc(1050)] handshake failed; returned -1, SSL error code 1, net_error -101
Sep 17, 2018 21:42:33.20 [5076:3152:0917/214233.204:ERROR:ssl_client_socket_impl.cc(1050)] handshake failed; returned -1, SSL error code 1, net_error -101
Sep 17, 2018 21:42:45.23 [5076:3152:0917/214245.233:ERROR:ssl_client_socket_impl.cc(1050)] handshake failed; returned -1, SSL error code 1, net_error -101
Sep 17, 2018 21:43:42.17 [5076:1448:0917/214342.174:ERROR:textfield.cc(1763)] NOT IMPLEMENTED
Sep 17, 2018 21:57:22.12 [5076:3152:0917/215722.126:ERROR:ssl_client_socket_impl.cc(1050)] handshake failed; returned -1, SSL error code 1, net_error -101
Sep 17, 2018 21:57:22.32 [5076:3152:0917/215722.328:ERROR:ssl_client_socket_impl.cc(1050)] handshake failed; returned -1, SSL error code 1, net_error -101
Sep 17, 2018 22:07:29.17 [5076:5940:0917/220729.173:ERROR:block_files.cc(111)] Failing CreateMapBlock
Sep 17, 2018 22:07:29.19 [5076:5940:0917/220729.173:ERROR:backend_impl.cc(597)] Create entry failed https://ssl.gstatic.com/chat/sounds/incoming_video_short_5abdd7c1c7fa8bbd5d6b4733de315c59.mp3
Sep 17, 2018 22:13:37.82 [5076:3152:0917/221337.828:ERROR:ssl_client_socket_impl.cc(1050)] handshake failed; returned -1, SSL error code 1, net_error -101
Sep 17, 2018 22:13:44.20 [5076:3152:0917/221344.205:ERROR:ssl_client_socket_impl.cc(1050)] handshake failed; returned -1, SSL error code 1, net_error -101
Sep 17, 2018 22:25:11.06 [5076:3152:0917/222511.062:ERROR:ssl_client_socket_impl.cc(1050)] handshake failed; returned -1, SSL error code 1, net_error -101
Sep 17, 2018 22:25:11.26 [5076:3152:0917/222511.264:ERROR:ssl_client_socket_impl.cc(1050)] handshake failed; returned -1, SSL error code 1, net_error -101
